[0m18:34:00.054393 [debug] [MainThread]: Sending event: {'category': 'dbt', 'action': 'invocation', 'label': 'start', 'context': [<snowplow_tracker.self_describing_json.SelfDescribingJson object at 0x77ec4e173e80>, <snowplow_tracker.self_describing_json.SelfDescribingJson object at 0x77ec4ee108b0>, <snowplow_tracker.self_describing_json.SelfDescribingJson object at 0x77ec4ee10850>]}


============================== 18:34:00.057287 | dfa07a36-7a3c-43b7-96fe-ebac4dc5673e ==============================
[0m18:34:00.057287 [info ] [MainThread]: Running with dbt=1.9.1
[0m18:34:00.058032 [debug] [MainThread]: running dbt with arguments {'printer_width': '80', 'indirect_selection': 'eager', 'log_cache_events': 'False', 'write_json': 'True', 'partial_parse': 'True', 'cache_selected_only': 'False', 'warn_error': 'None', 'fail_fast': 'False', 'profiles_dir': '/home/vscode/.dbt', 'log_path': 'logs', 'version_check': 'True', 'debug': 'False', 'use_colors': 'True', 'use_experimental_parser': 'False', 'no_print': 'None', 'quiet': 'False', 'empty': 'None', 'log_format': 'default', 'introspect': 'True', 'warn_error_options': 'WarnErrorOptions(include=[], exclude=[])', 'invocation_command': 'dbt init', 'target_path': 'None', 'static_parser': 'True', 'send_anonymous_usage_stats': 'True'}
[0m18:34:00.068524 [warn ] [MainThread]: [ConfigFolderDirectory]: Unable to parse logging event dictionary. Failed to parse dir field: expected string or bytes-like object.. Dictionary: {'dir': PosixPath('/home/vscode/.dbt')}
[0m18:34:00.069358 [info ] [MainThread]: Creating dbt configuration folder at 
[0m18:34:14.484137 [debug] [MainThread]: Starter project path: /home/vscode/.local/lib/python3.10/site-packages/dbt/include/starter_project
[0m18:34:14.488948 [info ] [MainThread]: 
Your new dbt project "coffee_shop_kristen" was created!

For more information on how to configure the profiles.yml file,
please consult the dbt documentation here:

  https://docs.getdbt.com/docs/configure-your-profile

One more thing:

Need help? Don't hesitate to reach out to us via GitHub issues or on Slack:

  https://community.getdbt.com/

Happy modeling!

[0m18:34:14.489795 [info ] [MainThread]: Setting up your profile.
[0m18:35:39.262646 [info ] [MainThread]: Profile coffee_shop_kristen written to /home/vscode/.dbt/profiles.yml using target's profile_template.yml and your supplied values. Run 'dbt debug' to validate the connection.
[0m18:35:39.264492 [debug] [MainThread]: Resource report: {"command_name": "init", "command_success": true, "command_wall_clock_time": 99.26583, "process_in_blocks": "40", "process_kernel_time": 0.227857, "process_mem_max_rss": "188872", "process_out_blocks": "80", "process_user_time": 1.807484}
[0m18:35:39.265174 [debug] [MainThread]: Command `dbt init` succeeded at 18:35:39.265065 after 99.27 seconds
[0m18:35:39.265612 [debug] [MainThread]: Sending event: {'category': 'dbt', 'action': 'invocation', 'label': 'end', 'context': [<snowplow_tracker.self_describing_json.SelfDescribingJson object at 0x77ec4e173e80>, <snowplow_tracker.self_describing_json.SelfDescribingJson object at 0x77ec4ee110f0>, <snowplow_tracker.self_describing_json.SelfDescribingJson object at 0x77ec4ee13160>]}
[0m18:35:39.266077 [debug] [MainThread]: Flushing usage events
[0m18:35:39.302689 [debug] [MainThread]: An error was encountered while trying to flush usage events
